[0mOPTIONS /auth/student/signup [32m204 [0m1.779 ms - 0[0m
[0mPUT /auth/student/signup [32m201 [0m412.919 ms - 84[0m
[0mOPTIONS /auth/teacher/login [32m204 [0m1.604 ms - 0[0m
[0mPOST /auth/teacher/login [33m401 [0m63.215 ms - 34[0m
[0mPOST /auth/teacher/login [33m401 [0m32.709 ms - 34[0m
[0mOPTIONS /auth/teacher/login [32m204 [0m0.173 ms - 0[0m
[0mPOST /auth/teacher/login [33m401 [0m30.779 ms - 34[0m
[0mPUT /auth/teacher/signup [31m500 [0m397.672 ms - 112[0m
[0mPUT /auth/teacher/signup [31m500 [0m388.638 ms - 112[0m
[0mPUT /auth/teacher/signup [31m500 [0m382.278 ms - 112[0m
[0mPUT /auth/teacher/signup [31m500 [0m364.612 ms - 112[0m
[0mPUT /auth/teacher/signup [32m201 [0m444.254 ms - 85[0m
[0mOPTIONS /auth/teacher/login [32m204 [0m0.655 ms - 0[0m
[0mPOST /auth/teacher/login [33m401 [0m315.739 ms - 34[0m
[0mOPTIONS /auth/teacher/login [32m204 [0m0.178 ms - 0[0m
[0mPOST /auth/teacher/login [32m200 [0m306.765 ms - 263[0m
[0mOPTIONS /session/new [32m204 [0m1.780 ms - 0[0m
[0mPUT /session/new [31m500 [0m47.893 ms - 77[0m
[0mOPTIONS /session/new [32m204 [0m1.755 ms - 0[0m
[0mPUT /session/new [33m401 [0m15.164 ms - 31[0m
[0mOPTIONS /auth/teacher/login [32m204 [0m0.173 ms - 0[0m
[0mPOST /auth/teacher/login [32m200 [0m347.068 ms - 263[0m
[0mOPTIONS /auth/teacher/login [32m204 [0m0.130 ms - 0[0m
[0mPOST /auth/teacher/login [32m200 [0m370.360 ms - 263[0m
[0mOPTIONS /auth/teacher/login [32m204 [0m0.068 ms - 0[0m
[0mPOST /auth/teacher/login [32m200 [0m329.817 ms - 263[0m
[0mOPTIONS /session/new [32m204 [0m1.814 ms - 0[0m
[0mPUT /session/new [33m401 [0m17.888 ms - 31[0m
[0mOPTIONS /session/new [32m204 [0m0.197 ms - 0[0m
[0mPUT /session/new [32m201 [0m159.700 ms - 100[0m
[0mOPTIONS /auth/teacher/login [32m204 [0m0.145 ms - 0[0m
[0mPOST /auth/teacher/login [32m200 [0m334.168 ms - 263[0m
[0mOPTIONS /session/new [32m204 [0m0.100 ms - 0[0m
[0mPUT /session/new [32m201 [0m82.577 ms - 100[0m
[0mOPTIONS /auth/teacher/login [32m204 [0m1.465 ms - 0[0m
[0mPOST /auth/teacher/login [32m200 [0m347.504 ms - 263[0m
[0mOPTIONS /session/new [32m204 [0m0.197 ms - 0[0m
[0mPUT /session/new [32m201 [0m146.949 ms - 100[0m
[0mOPTIONS /auth/student/signup [32m204 [0m0.068 ms - 0[0m
[0mPUT /auth/student/signup [32m201 [0m353.149 ms - 84[0m
[0mOPTIONS /auth/student/signup?room=oT5zlZbxH [32m204 [0m0.087 ms - 0[0m
[0mPUT /auth/student/signup?room=oT5zlZbxH [32m201 [0m324.815 ms - 84[0m
[0mOPTIONS /auth/student/signup?room=oT5zlZbxH [32m204 [0m1.774 ms - 0[0m
[0mPUT /auth/student/signup?room=oT5zlZbxH [32m201 [0m498.982 ms - 84[0m
